<?xml version="1.0" encoding="UTF-8"?>
<!-- Generated by org.testng.reporters.JUnitReportReporter -->
<testsuite hostname="DESKTOP-O8QD1FO" failures="0" tests="1" name="TestCase.TC1_ActitimeLoginLogout" time="30.889" errors="0" timestamp="2023-06-05T15:06:08 IST" skipped="0">
  <testcase classname="TestCase.TC1_ActitimeLoginLogout" name="loginlogout" time="30.889"/>
  <system-out/>
</testsuite> <!-- TestCase.TC1_ActitimeLoginLogout -->
